D:\VS程序\VS2010\第十章\稀疏光流--两幅图像\DEBUG\OPENCV.EXE
D:\VS程序\VS2010\第十章\稀疏光流--两幅图像\DEBUG\OPENCV.ILK
D:\VS程序\VS2010\第十章\稀疏光流--两幅图像\DEBUG\OPENCV.PDB
D:\vs程序\vs2010\第十章\稀疏光流--两幅图像\opencv\Debug\cl.command.1.tlog
D:\vs程序\vs2010\第十章\稀疏光流--两幅图像\opencv\Debug\CL.read.1.tlog
D:\vs程序\vs2010\第十章\稀疏光流--两幅图像\opencv\Debug\CL.write.1.tlog
D:\vs程序\vs2010\第十章\稀疏光流--两幅图像\opencv\Debug\link.5792.read.1.tlog
D:\vs程序\vs2010\第十章\稀疏光流--两幅图像\opencv\Debug\link.5792.write.1.tlog
D:\vs程序\vs2010\第十章\稀疏光流--两幅图像\opencv\Debug\link.5792-cvtres.read.1.tlog
D:\vs程序\vs2010\第十章\稀疏光流--两幅图像\opencv\Debug\link.5792-cvtres.write.1.tlog
D:\vs程序\vs2010\第十章\稀疏光流--两幅图像\opencv\Debug\link.command.1.tlog
D:\vs程序\vs2010\第十章\稀疏光流--两幅图像\opencv\Debug\link.read.1.tlog
D:\vs程序\vs2010\第十章\稀疏光流--两幅图像\opencv\Debug\link.write.1.tlog
D:\vs程序\vs2010\第十章\稀疏光流--两幅图像\opencv\Debug\link-cvtres.read.1.tlog
D:\vs程序\vs2010\第十章\稀疏光流--两幅图像\opencv\Debug\link-cvtres.write.1.tlog
D:\vs程序\vs2010\第十章\稀疏光流--两幅图像\opencv\Debug\mt.command.1.tlog
D:\vs程序\vs2010\第十章\稀疏光流--两幅图像\opencv\Debug\mt.read.1.tlog
D:\vs程序\vs2010\第十章\稀疏光流--两幅图像\opencv\Debug\mt.write.1.tlog
D:\VS程序\VS2010\第十章\稀疏光流--两幅图像\OPENCV\DEBUG\OPENCV.EXE.EMBED.MANIFEST
D:\VS程序\VS2010\第十章\稀疏光流--两幅图像\OPENCV\DEBUG\OPENCV.EXE.EMBED.MANIFEST.RES
D:\VS程序\VS2010\第十章\稀疏光流--两幅图像\OPENCV\DEBUG\OPENCV.EXE.INTERMEDIATE.MANIFEST
D:\VS程序\VS2010\第十章\稀疏光流--两幅图像\OPENCV\DEBUG\OPENCV.OBJ
D:\VS程序\VS2010\第十章\稀疏光流--两幅图像\OPENCV\DEBUG\OPENCV.PCH
D:\vs程序\vs2010\第十章\稀疏光流--两幅图像\opencv\Debug\opencv_manifest.rc
D:\vs程序\vs2010\第十章\稀疏光流--两幅图像\opencv\Debug\rc.command.1.tlog
D:\vs程序\vs2010\第十章\稀疏光流--两幅图像\opencv\Debug\rc.read.1.tlog
D:\vs程序\vs2010\第十章\稀疏光流--两幅图像\opencv\Debug\rc.write.1.tlog
D:\VS程序\VS2010\第十章\稀疏光流--两幅图像\OPENCV\DEBUG\STDAFX.OBJ
D:\vs程序\vs2010\第十章\稀疏光流--两幅图像\opencv\Debug\vc100.idb
D:\VS程序\VS2010\第十章\稀疏光流--两幅图像\OPENCV\DEBUG\VC100.PDB
