生成启动时间为 2012-10-9 11:31:37。
     1>项目“D:\vs程序\vs2010\第十章\Opencv实现粒子滤波算法\opencv\opencv.vcxproj”在节点 2 上(build 个目标)。
     1>InitializeBuildStatus:
         正在创建“Debug\opencv.unsuccessfulbuild”，因为已指定“AlwaysCreate”。
       ClCompile:
         C:\Program Files\Microsoft Visual Studio 10.0\VC\bin\CL.exe /c /ZI /nologo /W3 /WX- /Od /Oy- /D WIN32 /D _DEBUG /D _CONSOLE /D _UNICODE /D UNICODE /Gm /EHsc /RTC1 /MDd /GS /fp:precise /Zc:wchar_t /Zc:forScope /Yc"StdAfx.h" /Fp"Debug\opencv.pch" /Fo"Debug\\" /Fd"Debug\vc100.pdb" /Gd /TP /analyze- /errorReport:prompt stdafx.cpp
         stdafx.cpp
         C:\Program Files\Microsoft Visual Studio 10.0\VC\bin\CL.exe /c /ZI /nologo /W3 /WX- /Od /Oy- /D WIN32 /D _DEBUG /D _CONSOLE /D _UNICODE /D UNICODE /Gm /EHsc /RTC1 /MDd /GS /fp:precise /Zc:wchar_t /Zc:forScope /Yu"StdAfx.h" /Fp"Debug\opencv.pch" /Fo"Debug\\" /Fd"Debug\vc100.pdb" /Gd /TP /analyze- /errorReport:prompt opencv.cpp
         opencv.cpp
     1>d:\vs程序\vs2010\第十章\opencv实现粒子滤波算法\opencv\opencv.cpp(286): warning C4244: “=”: 从“double”转换到“int”，可能丢失数据
     1>d:\vs程序\vs2010\第十章\opencv实现粒子滤波算法\opencv\opencv.cpp(287): warning C4244: “=”: 从“double”转换到“int”，可能丢失数据
       ManifestResourceCompile:
         C:\Program Files\Microsoft SDKs\Windows\v7.0A\bin\rc.exe /nologo /fo"Debug\opencv.exe.embed.manifest.res" Debug\opencv_manifest.rc 
       Link:
         C:\Program Files\Microsoft Visual Studio 10.0\VC\bin\link.exe /ERRORREPORT:PROMPT /OUT:"D:\vs程序\vs2010\第十章\Opencv实现粒子滤波算法\Debug\opencv.exe" /INCREMENTAL /NOLOGO kernel32.lib user32.lib gdi32.lib winspool.lib comdlg32.lib advapi32.lib shell32.lib ole32.lib oleaut32.lib uuid.lib odbc32.lib odbccp32.lib D:\openCv2.3.1\opencv\build\x86\vc10\lib\opencv_core231d.lib D:\openCv2.3.1\opencv\build\x86\vc10\lib\opencv_highgui231d.lib D:\openCv2.3.1\opencv\build\x86\vc10\lib\opencv_video231d.lib D:\openCv2.3.1\opencv\build\x86\vc10\lib\opencv_ml231d.lib D:\openCv2.3.1\opencv\build\x86\vc10\lib\opencv_legacy231d.lib D:\openCv2.3.1\opencv\build\x86\vc10\lib\opencv_imgproc231d.lib /MANIFEST /ManifestFile:"Debug\opencv.exe.intermediate.manifest" /MANIFESTUAC:"level='asInvoker' uiAccess='false'" /DEBUG /PDB:"D:\vs程序\vs2010\第十章\Opencv实现粒子滤波算法\Debug\opencv.pdb" /SUBSYSTEM:CONSOLE /TLBID:1 /DYNAMICBASE /NXCOMPAT /IMPLIB:"D:\vs程序\vs2010\第十章\Opencv实现粒子滤波算法\Debug\opencv.lib" /MACHINE:X86 Debug\opencv.exe.embed.manifest.res
         Debug\opencv.obj
         Debug\stdafx.obj
       Manifest:
         C:\Program Files\Microsoft SDKs\Windows\v7.0A\bin\mt.exe /nologo /verbose /out:"Debug\opencv.exe.embed.manifest" /manifest Debug\opencv.exe.intermediate.manifest
         所有输出均为最新。
       LinkEmbedManifest:
         所有输出均为最新。
         opencv.vcxproj -> D:\vs程序\vs2010\第十章\Opencv实现粒子滤波算法\Debug\opencv.exe
       FinalizeBuildStatus:
         正在删除文件“Debug\opencv.unsuccessfulbuild”。
         正在对“Debug\opencv.lastbuildstate”执行 Touch 任务。
     1>已完成生成项目“D:\vs程序\vs2010\第十章\Opencv实现粒子滤波算法\opencv\opencv.vcxproj”(build 个目标)的操作。

生成成功。

已用时间 00:00:03.09
